<?xml version="1.0" encoding="UTF-8"?>
<!-- Generated by org.testng.reporters.JUnitReportReporter -->
<testsuite skipped="0" hostname="LAPTOP-DQ54Q26M" name="com.disney.HomePageTest" tests="2" failures="0" timestamp="10 Aug 2020 01:19:46 GMT" time="104.779" errors="0">
  <testcase name="loginTest" time="69.780" classname="com.disney.HomePageTest"/>
  <testcase name="findShopTest" time="34.999" classname="com.disney.HomePageTest"/>
</testsuite> <!-- com.disney.HomePageTest -->
